Determining if the pthread_create exist failed with the following output:
Change Dir: /home/payne/code/rgbd_slam/build/CMakeFiles/CMakeTmp

Run Build Command:"/usr/bin/make" "cmTC_e6a9d/fast"
make[1]: Entering directory '/home/payne/code/rgbd_slam/build/CMakeFiles/CMakeTmp'
/usr/bin/make -f CMakeFiles/cmTC_e6a9d.dir/build.make CMakeFiles/cmTC_e6a9d.dir/build
make[2]: Entering directory '/home/payne/code/rgbd_slam/build/CMakeFiles/CMakeTmp'
Building C object CMakeFiles/cmTC_e6a9d.dir/CheckSymbolExists.c.o
/usr/bin/cc     -o CMakeFiles/cmTC_e6a9d.dir/CheckSymbolExists.c.o   -c /home/payne/code/rgbd_slam/build/CMakeFiles/CMakeTmp/CheckSymbolExists.c
Linking C executable cmTC_e6a9d
/usr/bin/cmake -E cmake_link_script CMakeFiles/cmTC_e6a9d.dir/link.txt --verbose=1
/usr/bin/cc       CMakeFiles/cmTC_e6a9d.dir/CheckSymbolExists.c.o  -o cmTC_e6a9d -rdynamic 
CMakeFiles/cmTC_e6a9d.dir/CheckSymbolExists.c.o: In function `main':
CheckSymbolExists.c:(.text+0x16): undefined reference to `pthread_create'
collect2: error: ld returned 1 exit status
CMakeFiles/cmTC_e6a9d.dir/build.make:97: recipe for target 'cmTC_e6a9d' failed
make[2]: *** [cmTC_e6a9d] Error 1
make[2]: Leaving directory '/home/payne/code/rgbd_slam/build/CMakeFiles/CMakeTmp'
Makefile:126: recipe for target 'cmTC_e6a9d/fast' failed
make[1]: *** [cmTC_e6a9d/fast] Error 2
make[1]: Leaving directory '/home/payne/code/rgbd_slam/build/CMakeFiles/CMakeTmp'

File /home/payne/code/rgbd_slam/build/CMakeFiles/CMakeTmp/CheckSymbolExists.c:
/* */
#include <pthread.h>

int main(int argc, char** argv)
{
  (void)argv;
#ifndef pthread_create
  return ((int*)(&pthread_create))[argc];
#else
  (void)argc;
  return 0;
#endif
}

Determining if the function pthread_create exists in the pthreads failed with the following output:
Change Dir: /home/payne/code/rgbd_slam/build/CMakeFiles/CMakeTmp

Run Build Command:"/usr/bin/make" "cmTC_62e9e/fast"
make[1]: Entering directory '/home/payne/code/rgbd_slam/build/CMakeFiles/CMakeTmp'
/usr/bin/make -f CMakeFiles/cmTC_62e9e.dir/build.make CMakeFiles/cmTC_62e9e.dir/build
make[2]: Entering directory '/home/payne/code/rgbd_slam/build/CMakeFiles/CMakeTmp'
Building C object CMakeFiles/cmTC_62e9e.dir/CheckFunctionExists.c.o
/usr/bin/cc    -DCHECK_FUNCTION_EXISTS=pthread_create   -o CMakeFiles/cmTC_62e9e.dir/CheckFunctionExists.c.o   -c /usr/share/cmake-3.5/Modules/CheckFunctionExists.c
Linking C executable cmTC_62e9e
/usr/bin/cmake -E cmake_link_script CMakeFiles/cmTC_62e9e.dir/link.txt --verbose=1
/usr/bin/cc   -DCHECK_FUNCTION_EXISTS=pthread_create    CMakeFiles/cmTC_62e9e.dir/CheckFunctionExists.c.o  -o cmTC_62e9e -rdynamic -lpthreads 
/usr/bin/ld: cannot find -lpthreads
collect2: error: ld returned 1 exit status
CMakeFiles/cmTC_62e9e.dir/build.make:97: recipe for target 'cmTC_62e9e' failed
make[2]: *** [cmTC_62e9e] Error 1
make[2]: Leaving directory '/home/payne/code/rgbd_slam/build/CMakeFiles/CMakeTmp'
Makefile:126: recipe for target 'cmTC_62e9e/fast' failed
make[1]: *** [cmTC_62e9e/fast] Error 2
make[1]: Leaving directory '/home/payne/code/rgbd_slam/build/CMakeFiles/CMakeTmp'


